<?xml version="1.0" encoding="UTF-8"?>
<!-- Generated by org.testng.reporters.JUnitReportReporter -->
<testsuite skipped="0" hostname="Dinesh-PC" name="ty01.SS_Element" tests="1" failures="0" timestamp="18 Nov 2018 19:56:31 GMT" time="10.574" errors="0">
  <testcase name="test1" time="10.574" classname="ty01.SS_Element"/>
</testsuite> <!-- ty01.SS_Element -->
