<?xml version="1.0" encoding="UTF-8"?>
<!-- Generated by org.testng.reporters.JUnitReportReporter -->
<testsuite skipped="0" hostname="Dinesh-PC" name="ty01.UL_New" tests="1" failures="0" timestamp="18 Nov 2018 18:56:49 GMT" time="29.449" errors="0">
  <testcase name="test1" time="29.449" classname="ty01.UL_New"/>
</testsuite> <!-- ty01.UL_New -->
