<?xml version="1.0" encoding="UTF-8"?>
<!-- Generated by org.testng.reporters.JUnitReportReporter -->
<testsuite skipped="0" hostname="Dinesh-PC" name="ty01.SeleniumHQ_BrokenLinks" tests="1" failures="0" timestamp="18 Nov 2018 19:32:42 GMT" time="31.395" errors="0">
  <testcase name="test1" time="31.395" classname="ty01.SeleniumHQ_BrokenLinks"/>
</testsuite> <!-- ty01.SeleniumHQ_BrokenLinks -->
