<?xml version="1.0" encoding="UTF-8"?>
<!-- Generated by org.testng.reporters.JUnitReportReporter -->
<testsuite skipped="0" hostname="Dinesh-PC" name="script.TestLoginLogout" tests="1" failures="0" timestamp="01 Oct 2018 15:18:50 GMT" time="34.215" errors="0">
  <testcase name="testLoginLogout" time="34.215" classname="script.TestLoginLogout"/>
</testsuite> <!-- script.TestLoginLogout -->
