<?xml version="1.0" encoding="UTF-8"?>
<!-- Generated by org.testng.reporters.JUnitReportReporter -->
<testsuite skipped="0" hostname="Dinesh-PC" name="ty01.Puma" tests="1" failures="0" timestamp="01 Nov 2018 11:32:14 GMT" time="31.734" errors="0">
  <testcase name="test1" time="31.734" classname="ty01.Puma"/>
</testsuite> <!-- ty01.Puma -->
