<?xml version="1.0" encoding="UTF-8"?>
<!-- Generated by org.testng.reporters.JUnitReportReporter -->
<testsuite skipped="0" hostname="Dinesh-PC" name="ty01.Craftsvilla_Login" tests="1" failures="0" timestamp="23 Nov 2018 16:14:30 GMT" time="18.660" errors="0">
  <testcase name="test2" time="18.660" classname="ty01.Craftsvilla_Login"/>
</testsuite> <!-- ty01.Craftsvilla_Login -->
