<?xml version="1.0" encoding="UTF-8"?>
<!-- Generated by org.testng.reporters.JUnitReportReporter -->
<testsuite skipped="0" hostname="Dinesh-PC" name="script.TestDemo" tests="1" failures="0" timestamp="27 Sep 2018 06:37:46 GMT" time="15.135" errors="0">
  <testcase name="testA" time="15.135" classname="script.TestDemo"/>
</testsuite> <!-- script.TestDemo -->
