<?xml version="1.0" encoding="UTF-8"?>
<!-- Generated by org.testng.reporters.JUnitReportReporter -->
<testsuite skipped="0" hostname="Dinesh-PC" name="ty01.UrbenLadder2" tests="1" failures="0" timestamp="18 Nov 2018 17:54:38 GMT" time="44.348" errors="0">
  <testcase name="test1" time="44.348" classname="ty01.UrbenLadder2"/>
</testsuite> <!-- ty01.UrbenLadder2 -->
