<?xml version="1.0" encoding="UTF-8"?>
<!-- Generated by org.testng.reporters.JUnitReportReporter -->
<testsuite skipped="0" hostname="Dinesh-PC" name="ty01.Craftsvilla_Sarees" tests="1" failures="0" timestamp="23 Nov 2018 17:10:46 GMT" time="20.406" errors="0">
  <testcase name="test2" time="20.406" classname="ty01.Craftsvilla_Sarees"/>
</testsuite> <!-- ty01.Craftsvilla_Sarees -->
