<?xml version="1.0" encoding="UTF-8"?>
<!-- Generated by org.testng.reporters.JUnitReportReporter -->
<testsuite skipped="0" hostname="Dinesh-PC" name="script.TestLogin" tests="1" failures="0" timestamp="01 Oct 2018 05:38:33 GMT" time="23.926" errors="0">
  <testcase name="login" time="23.926" classname="script.TestLogin"/>
</testsuite> <!-- script.TestLogin -->
