<?xml version="1.0" encoding="UTF-8"?>
<!-- Generated by org.testng.reporters.JUnitReportReporter -->
<testsuite skipped="0" hostname="Dinesh-PC" name="ty01.Craftsvilla" tests="1" failures="0" timestamp="01 Nov 2018 10:36:53 GMT" time="16.914" errors="0">
  <testcase name="test2" time="16.914" classname="ty01.Craftsvilla"/>
</testsuite> <!-- ty01.Craftsvilla -->
