<?xml version="1.0" encoding="UTF-8"?>
<!-- Generated by org.testng.reporters.JUnitReportReporter -->
<testsuite skipped="0" hostname="Dinesh-PC" name="script.TestDemo2" tests="1" failures="0" timestamp="28 Sep 2018 22:19:43 GMT" time="0.003" errors="0">
  <testcase name="test2" time="0.003" classname="script.TestDemo2"/>
</testsuite> <!-- script.TestDemo2 -->
