<?xml version="1.0" encoding="UTF-8"?>
<!-- Generated by org.testng.reporters.JUnitReportReporter -->
<testsuite skipped="0" hostname="Dinesh-PC" name="script.TestDemo" tests="1" failures="0" timestamp="11 Oct 2018 06:47:40 GMT" time="10.745" errors="0">
  <testcase name="testA" time="10.745" classname="script.TestDemo"/>
</testsuite> <!-- script.TestDemo -->
