<?xml version="1.0" encoding="UTF-8"?>
<!-- Generated by org.testng.reporters.JUnitReportReporter -->
<testsuite skipped="0" hostname="Dinesh-PC" name="qsp.A" tests="1" failures="0" timestamp="25 Sep 2018 05:12:59 GMT" time="0.018" errors="0">
  <testcase name="test" time="0.018" classname="qsp.A"/>
</testsuite> <!-- qsp.A -->
