<?xml version="1.0" encoding="UTF-8"?>
<!-- Generated by org.testng.reporters.JUnitReportReporter -->
<testsuite skipped="0" hostname="Dinesh-PC" name="ty01.Furlenko" tests="1" failures="0" timestamp="01 Nov 2018 13:50:29 GMT" time="36.147" errors="0">
  <testcase name="test1" time="36.147" classname="ty01.Furlenko"/>
</testsuite> <!-- ty01.Furlenko -->
