<?xml version="1.0" encoding="UTF-8"?>
<!-- Generated by org.testng.reporters.JUnitReportReporter -->
<testsuite skipped="0" hostname="Dinesh-PC" name="ty01.PumaNew2" tests="1" failures="0" timestamp="04 Nov 2018 20:37:58 GMT" time="13.302" errors="0">
  <testcase name="test1" time="13.302" classname="ty01.PumaNew2"/>
</testsuite> <!-- ty01.PumaNew2 -->
